[INFO ] 2022-03-26 16:05:00.300 [restartedMain] WdmServicosIntApplication - Starting WdmServicosIntApplication on DESKTOP-2HAU8J1 with PID 8884 (D:\ws_fliperama\fliperama_back\wdm-servicos-int\target\classes started by wsilv in D:\ws_fliperama\fliperama_back)
[INFO ] 2022-03-26 16:05:00.363 [restartedMain] WdmServicosIntApplication - The following profiles are active: dev
[INFO ] 2022-03-26 16:05:00.612 [restartedMain] ChangeableUrls - The Class-Path manifest attribute in C:\Users\wsilv\.m2\repository\org\glassfish\jaxb\jaxb-runtime\2.3.2\jaxb-runtime-2.3.2.jar referenced one or more files that do not exist: file:/C:/Users/wsilv/.m2/repository/org/glassfish/jaxb/jaxb-runtime/2.3.2/jakarta.xml.bind-api-2.3.2.jar,file:/C:/Users/wsilv/.m2/repository/org/glassfish/jaxb/jaxb-runtime/2.3.2/txw2-2.3.2.jar,file:/C:/Users/wsilv/.m2/repository/org/glassfish/jaxb/jaxb-runtime/2.3.2/istack-commons-runtime-3.0.8.jar,file:/C:/Users/wsilv/.m2/repository/org/glassfish/jaxb/jaxb-runtime/2.3.2/stax-ex-1.8.1.jar,file:/C:/Users/wsilv/.m2/repository/org/glassfish/jaxb/jaxb-runtime/2.3.2/FastInfoset-1.2.16.jar,file:/C:/Users/wsilv/.m2/repository/org/glassfish/jaxb/jaxb-runtime/2.3.2/jakarta.activation-api-1.2.1.jar
[INFO ] 2022-03-26 16:05:00.620 [restartedMain] DevToolsPropertyDefaultsPostProcessor - Devtools property defaults active! Set 'spring.devtools.add-properties' to 'false' to disable
[INFO ] 2022-03-26 16:05:00.622 [restartedMain] DevToolsPropertyDefaultsPostProcessor - For additional web related logging consider setting the 'logging.level.web' property to 'DEBUG'
[INFO ] 2022-03-26 16:05:03.507 [restartedMain] RepositoryConfigurationDelegate - Bootstrapping Spring Data JPA repositories in DEFAULT mode.
[INFO ] 2022-03-26 16:05:03.685 [restartedMain] RepositoryConfigurationDelegate - Finished Spring Data repository scanning in 160ms. Found 3 JPA repository interfaces.
[INFO ] 2022-03-26 16:05:06.385 [restartedMain] PostProcessorRegistrationDelegate$BeanPostProcessorChecker - Bean 'org.springframework.transaction.annotation.ProxyTransactionManagementConfiguration' of type [org.springframework.transaction.annotation.ProxyTransactionManagementConfiguration] is not eligible for getting processed by all BeanPostProcessors (for example: not eligible for auto-proxying)
[WARN ] 2022-03-26 16:05:08.993 [restartedMain] jsr - UT026010: Buffer pool was not set on WebSocketDeploymentInfo, the default pool will be used
[INFO ] 2022-03-26 16:05:09.058 [restartedMain] servlet - Initializing Spring embedded WebApplicationContext
[INFO ] 2022-03-26 16:05:09.060 [restartedMain] ContextLoader - Root WebApplicationContext: initialization completed in 8431 ms
[INFO ] 2022-03-26 16:05:09.374 [restartedMain] HikariDataSource - HikariPool-1 - Starting...
[INFO ] 2022-03-26 16:05:09.836 [restartedMain] HikariDataSource - HikariPool-1 - Start completed.
[INFO ] 2022-03-26 16:05:09.853 [restartedMain] H2ConsoleAutoConfiguration - H2 console available at '/h2-console'. Database available at 'jdbc:h2:mem:testdb'
[INFO ] 2022-03-26 16:05:10.742 [restartedMain] LogHelper - HHH000204: Processing PersistenceUnitInfo [name: default]
[INFO ] 2022-03-26 16:05:10.956 [restartedMain] Version - HHH000412: Hibernate Core {5.4.9.Final}
[INFO ] 2022-03-26 16:05:11.378 [restartedMain] Version - HCANN000001: Hibernate Commons Annotations {5.1.0.Final}
[INFO ] 2022-03-26 16:05:11.673 [restartedMain] Dialect - HHH000400: Using dialect: org.hibernate.dialect.H2Dialect
[INFO ] 2022-03-26 16:05:14.840 [restartedMain] SchemaCreatorImpl - HHH000476: Executing import script 'file:/D:/ws_fliperama/fliperama_back/wdm-servicos-int/target/classes/import.sql'
[INFO ] 2022-03-26 16:05:14.910 [restartedMain] JtaPlatformInitiator - HHH000490: Using JtaPlatform implementation: [org.hibernate.engine.transaction.jta.platform.internal.NoJtaPlatform]
[INFO ] 2022-03-26 16:05:14.935 [restartedMain] LocalContainerEntityManagerFactoryBean - Initialized JPA EntityManagerFactory for persistence unit 'default'
[INFO ] 2022-03-26 16:05:15.063 [restartedMain] OptionalLiveReloadServer - LiveReload server is running on port 35729
[INFO ] 2022-03-26 16:05:18.356 [restartedMain] EndpointLinksResolver - Exposing 2 endpoint(s) beneath base path '/actuator'
[INFO ] 2022-03-26 16:05:18.958 [restartedMain] SecurityConfig - [SecurityConfig]-[configure]
[INFO ] 2022-03-26 16:05:19.847 [restartedMain] DefaultSecurityFilterChain - Creating filter chain: any request, [org.springframework.security.web.context.request.async.WebAsyncManagerIntegrationFilter@6a0ab5b4, org.springframework.security.web.context.SecurityContextPersistenceFilter@41a24f54, org.springframework.security.web.header.HeaderWriterFilter@1568d614, org.springframework.web.filter.CorsFilter@35f71c8c, org.springframework.security.web.authentication.logout.LogoutFilter@7c6a7957, br.com.tcc.wdmservicosint.security.JWTAuthenticationFilter@32ff8dd8, br.com.tcc.wdmservicosint.security.JWTAuthorizationFilter@6e2e9601, org.springframework.security.web.savedrequest.RequestCacheAwareFilter@7508e44b, org.springframework.security.web.servletapi.SecurityContextHolderAwareRequestFilter@2856566f, org.springframework.security.web.authentication.AnonymousAuthenticationFilter@51363965, org.springframework.security.web.session.SessionManagementFilter@2cfe9504, org.springframework.security.web.access.ExceptionTranslationFilter@6e60f255, org.springframework.security.web.access.intercept.FilterSecurityInterceptor@27e18623]
[INFO ] 2022-03-26 16:05:20.388 [restartedMain] ThreadPoolTaskExecutor - Initializing ExecutorService 'applicationTaskExecutor'
[INFO ] 2022-03-26 16:05:22.104 [restartedMain] undertow - starting server: Undertow - 2.0.28.Final
[INFO ] 2022-03-26 16:05:22.120 [restartedMain] xnio - XNIO version 3.3.8.Final
[INFO ] 2022-03-26 16:05:22.145 [restartedMain] nio - XNIO NIO Implementation Version 3.3.8.Final
[INFO ] 2022-03-26 16:05:22.503 [restartedMain] UndertowServletWebServer - Undertow started on port(s) 8080 (http) with context path ''
[INFO ] 2022-03-26 16:05:22.526 [restartedMain] WdmServicosIntApplication - Started WdmServicosIntApplication in 24.014 seconds (JVM running for 28.198)
